Arguments: 
  /Users/tanzhifeng/.nvm/versions/node/v10.13.0/bin/node /Users/tanzhifeng/.nvm/versions/node/v10.13.0/bin/yarn add -D webpack-cli

PATH: 
  /usr/local/opt/ruby/bin:/usr/local/bin:/usr/bin:/bin:/usr/sbin:/sbin:/Library/Apple/usr/bin:/usr/local/opt/ruby/bin:/Users/tanzhifeng/.nvm/versions/node/v10.13.0/bin:/usr/local/mysql/bin:/Users/tanzhifeng/.rvm/bin:/Users/tanzhifeng/Library/Android/sdk/tools:/Users/tanzhifeng/Library/Android/sdk/tools/bin:/Users/tanzhifeng/Library/Android/sdk/platform-tools:/Users/tanzhifeng/Library/Android/sdk/emulato://flutter/bin:/usr/local/mysql/bin:/Users/tanzhifeng/.rvm/bin:/Users/tanzhifeng/Library/Android/sdk/tools:/Users/tanzhifeng/Library/Android/sdk/tools/bin:/Users/tanzhifeng/Library/Android/sdk/platform-tools:/Users/tanzhifeng/Library/Android/sdk/emulato:/Users/tanzhifeng/work/Frontend-01-Template/flutter/bin

Yarn version: 
  1.17.3

Node version: 
  10.13.0

Platform: 
  darwin x64

Trace: 
  Error: https://registry.npm.taobao.org/@babel/core/download/@babel/core-7.11.1.tgz: ESOCKETTIMEDOUT
      at ClientRequest.<anonymous> (/Users/tanzhifeng/.nvm/versions/node/v10.13.0/lib/node_modules/yarn/lib/cli.js:141091:19)
      at Object.onceWrapper (events.js:273:13)
      at ClientRequest.emit (events.js:182:13)
      at TLSSocket.emitRequestTimeout (_http_client.js:661:40)
      at Object.onceWrapper (events.js:273:13)
      at TLSSocket.emit (events.js:182:13)
      at TLSSocket.Socket._onTimeout (net.js:449:8)
      at ontimeout (timers.js:436:11)
      at tryOnTimeout (timers.js:300:5)
      at listOnTimeout (timers.js:263:5)

npm manifest: 
  {
    "name": "watcher",
    "version": "1.0.0",
    "description": "",
    "main": "index.js",
    "scripts": {
      "test": "echo \"Error: no test specified\" && exit 1"
    },
    "author": "",
    "license": "ISC",
    "dependencies": {
      "@babel/core": "^7.11.1",
      "@babel/preset-env": "^7.11.0",
      "babel-loader": "^8.1.0",
      "fsevents": "^2.1.3",
      "webpack": "^4.44.1"
    },
    "devDependencies": {
      "http-server": "^0.12.3"
    }
  }

yarn manifest: 
  No manifest

Lockfile: 
  No lockfile
